#
# A fatal error has been detected by the Java Runtime Environment:
#
#  EXCEPTION_ACCESS_VIOLATION (0xc0000005) at pc=0x0000000023e31066, pid=6356, tid=11932
#
# JRE version: Java(TM) SE Runtime Environment (8.0_66-b18) (build 1.8.0_66-b18)
# Java VM: Java HotSpot(TM) 64-Bit Server VM (25.66-b18 mixed mode windows-amd64 compressed oops)
# Problematic frame:
# C  [OpenAL64.dll+0x11066]
#
# Failed to write core dump. Minidumps are not enabled by default on client versions of Windows
#
# If you would like to submit a bug report, please visit:
#   http://bugreport.java.com/bugreport/crash.jsp
# The crash happened outside the Java Virtual Machine in native code.
# See problematic frame for where to report the bug.
#

---------------  T H R E A D  ---------------

Current thread (0x0000000025df4800):  JavaThread "Thread-9" [_thread_in_native, id=11932, stack(0x0000000031230000,0x0000000031330000)]

siginfo: ExceptionCode=0xc0000005, reading address 0x0000000038ac5004

Registers:
RAX=0x0000000000000004, RBX=0x00000000303e0090, RCX=0x0000000038ac5008, RDX=0x0000000038ac5004
RSP=0x000000003132ea70, RBP=0x00000000000000ff, RSI=0x0000000038ac485c, RDI=0x0000000000000000
R8 =0x00000000000001ea, R9 =0x0000000038ac485c, R10=0x0000000002605e08, R11=0x000000005c999570
R12=0x0000000000000001, R13=0x0000000030d30528, R14=0x000000003132ec08, R15=0x0000000025df4800
RIP=0x0000000023e31066, EFLAGS=0x0000000000010202

Top of Stack: (sp=0x000000003132ea70)
0x000000003132ea70:   0000000000000000 000000005c83bf9b
0x000000003132ea80:   0000000025df4800 0000000025df4800
0x000000003132ea90:   0000000030d30528 0000000000000000
0x000000003132eaa0:   0000000025df4800 0000000038ac2e90
0x000000003132eab0:   0000000030d30528 000000003132ec08
0x000000003132eac0:   00000000245b4370 000000005c82a2b6
0x000000003132ead0:   000000003132f278 000000001f0bc980
0x000000003132eae0:   0000000025df4800 000000003132ec08
0x000000003132eaf0:   0000000030d30528 0000000000000000
0x000000003132eb00:   0000000038ac485c 00000006c18125e8
0x000000003132eb10:   000000003132ebd0 0000000023e3248f
0x000000003132eb20:   00000000303e0090 00000000303e0090
0x000000003132eb30:   000000000000ac44 0000000600000004
0x000000003132eb40:   0000000000000010 0000000002605e34
0x000000003132eb50:   0000000030d30528 0000000002605b9d
0x000000003132eb60:   0000000025df4800 0000000030d30528 

Instructions: (pc=0x0000000023e31066)
0x0000000023e31046:   41 2b ec 81 3a 03 00 02 00 75 09 8b 01 89 84 24
0x0000000023e31056:   c8 00 00 00 49 83 c0 02 48 83 c1 08 4a 8d 14 86
0x0000000023e31066:   39 3a 75 af 4c 8d 84 24 c0 00 00 00 48 8d 15 d7
0x0000000023e31076:   2b 03 00 33 c9 e8 58 5f 00 00 b8 40 1f 00 00 4c 


Register to memory mapping:

RAX=0x0000000000000004 is an unknown value
RBX=0x00000000303e0090 is an unknown value
RCX=0x0000000038ac5008 is an unknown value
RDX=0x0000000038ac5004 is an unknown value
RSP=0x000000003132ea70 is pointing into the stack for thread: 0x0000000025df4800
RBP=0x00000000000000ff is an unknown value
RSI=0x0000000038ac485c is an unknown value
RDI=0x0000000000000000 is an unknown value
R8 =0x00000000000001ea is an unknown value
R9 =0x0000000038ac485c is an unknown value
R10=0x0000000002605e08 is at code_begin+840 in an Interpreter codelet
method entry point (kind = native)  [0x0000000002605ac0, 0x0000000002606420]  2400 bytes
R11=0x000000005c999570 is an unknown value
R12=0x0000000000000001 is an unknown value
R13={method} {0x0000000030d30530} 'nalcCreateContext' '(JJ)J' in 'org/lwjgl/openal/ALC10'
R14=0x000000003132ec08 is pointing into the stack for thread: 0x0000000025df4800
R15=0x0000000025df4800 is a thread


Stack: [0x0000000031230000,0x0000000031330000],  sp=0x000000003132ea70,  free space=1018k
Native frames: (J=compiled Java code, j=interpreted, Vv=VM code, C=native code)
C  [OpenAL64.dll+0x11066]
C  [OpenAL64.dll+0x1248f]
C  0x0000000002605e34

Java frames: (J=compiled Java code, j=interpreted, Vv=VM code)
j  org.lwjgl.openal.ALC10.nalcCreateContext(JJ)J+0
j  org.lwjgl.openal.ALC10.alcCreateContext(Lorg/lwjgl/openal/ALCdevice;Ljava/nio/IntBuffer;)Lorg/lwjgl/openal/ALCcontext;+8
j  org.lwjgl.openal.AL.init(Ljava/lang/String;IIZZ)V+69
j  org.lwjgl.openal.AL.create(Ljava/lang/String;IIZZ)V+246
j  org.lwjgl.openal.AL.create(Ljava/lang/String;IIZ)V+5
j  org.lwjgl.openal.AL.create()V+6
j  paulscode.sound.libraries.LibraryLWJGLOpenAL.init()V+2
j  paulscode.sound.SoundSystem.CommandNewLibrary(Ljava/lang/Class;)V+273
j  paulscode.sound.SoundSystem.CommandQueue(Lpaulscode/sound/CommandObject;)Z+1206
j  paulscode.sound.CommandThread.run()V+51
v  ~StubRoutines::call_stub

---------------  P R O C E S S  ---------------

Java Threads: ( => current thread )
  0x0000000025df6000 JavaThread "Thread-10" [_thread_blocked, id=2052, stack(0x000000003ab80000,0x000000003ac80000)]
  0x0000000025df5800 JavaThread "Keep-Alive-Timer" daemon [_thread_blocked, id=6556, stack(0x0000000031330000,0x0000000031430000)]
=>0x0000000025df4800 JavaThread "Thread-9" [_thread_in_native, id=11932, stack(0x0000000031230000,0x0000000031330000)]
  0x00000000385de800 JavaThread "Sound Library Loader" [_thread_blocked, id=9376, stack(0x0000000030eb0000,0x0000000030fb0000)]
  0x00000000238fd800 JavaThread "LWJGL Timer" daemon [_thread_blocked, id=4652, stack(0x0000000030aa0000,0x0000000030ba0000)]
  0x0000000022148800 JavaThread "Thread-7" [_thread_blocked, id=2428, stack(0x00000000305b0000,0x00000000306b0000)]
  0x0000000023788800 JavaThread "Java2D Disposer" daemon [_thread_blocked, id=12076, stack(0x00000000278d0000,0x00000000279d0000)]
  0x000000002389f800 JavaThread "Timer hack thread" daemon [_thread_blocked, id=800, stack(0x0000000026710000,0x0000000026810000)]
  0x000000001ffd1800 JavaThread "Snooper Timer" daemon [_thread_blocked, id=2624, stack(0x0000000025360000,0x0000000025460000)]
  0x0000000024ec2800 JavaThread "Snooper Timer" daemon [_thread_blocked, id=600, stack(0x0000000023eb0000,0x0000000023fb0000)]
  0x000000001ed65000 JavaThread "Monitor Ctrl-Break" daemon [_thread_in_native, id=2236, stack(0x000000001f660000,0x000000001f760000)]
  0x000000001e1c7800 JavaThread "Service Thread" daemon [_thread_blocked, id=1668, stack(0x000000001eb00000,0x000000001ec00000)]
  0x000000001e142800 JavaThread "C1 CompilerThread3" daemon [_thread_blocked, id=6264, stack(0x000000001ea00000,0x000000001eb00000)]
  0x000000001e138800 JavaThread "C2 CompilerThread2" daemon [_thread_blocked, id=9580, stack(0x000000001e900000,0x000000001ea00000)]
  0x000000001e131800 JavaThread "C2 CompilerThread1" daemon [_thread_in_native, id=6272, stack(0x000000001e800000,0x000000001e900000)]
  0x000000001e12e000 JavaThread "C2 CompilerThread0" daemon [_thread_blocked, id=9976, stack(0x000000001e700000,0x000000001e800000)]
  0x000000001e12c800 JavaThread "Attach Listener" daemon [_thread_blocked, id=7188, stack(0x000000001e600000,0x000000001e700000)]
  0x000000001c03e800 JavaThread "Signal Dispatcher" daemon [_thread_blocked, id=8724, stack(0x000000001e500000,0x000000001e600000)]
  0x000000001c033800 JavaThread "Finalizer" daemon [_thread_blocked, id=4616, stack(0x000000001df00000,0x000000001e000000)]
  0x00000000025e9000 JavaThread "Reference Handler" daemon [_thread_blocked, id=3032, stack(0x000000001de00000,0x000000001df00000)]
  0x00000000024f5800 JavaThread "Client thread" [_thread_in_native, id=4744, stack(0x0000000002330000,0x0000000002430000)]

Other Threads:
  0x000000001c029000 VMThread [stack: 0x000000001dd00000,0x000000001de00000] [id=7824]
  0x000000001e1ea000 WatcherThread [stack: 0x000000001ec00000,0x000000001ed00000] [id=5164]

VM state:not at safepoint (normal execution)

VM Mutex/Monitor currently owned by a thread: None

Heap:
 PSYoungGen      total 431104K, used 221490K [0x000000076b300000, 0x000000078df80000, 0x00000007c0000000)
  eden space 388608K, 46% used [0x000000076b300000,0x00000007761ce628,0x0000000782e80000)
  from space 42496K, 99% used [0x0000000782e80000,0x00000007857fe2d0,0x0000000785800000)
  to   space 49152K, 0% used [0x000000078af80000,0x000000078af80000,0x000000078df80000)
 ParOldGen       total 245248K, used 83693K [0x00000006c1800000, 0x00000006d0780000, 0x000000076b300000)
  object space 245248K, 34% used [0x00000006c1800000,0x00000006c69bb558,0x00000006d0780000)
 Metaspace       used 46807K, capacity 47149K, committed 47616K, reserved 1089536K
  class space    used 6733K, capacity 6840K, committed 6912K, reserved 1048576K

Card table byte_map: [0x00000000119b0000,0x00000000121b0000] byte_map_base: 0x000000000e3a4000

Marking Bits: (ParMarkBitMap*) 0x000000005cf7a5b0
 Begin Bits: [0x0000000012f00000, 0x0000000016ea0000)
 End Bits:   [0x0000000016ea0000, 0x000000001ae40000)

Polling page: 0x0000000000750000

CodeCache: size=245760Kb used=12531Kb max_used=13946Kb free=233228Kb
 bounds [0x00000000025f0000, 0x00000000033b0000, 0x00000000115f0000]
 total_blobs=4067 nmethods=3435 adapters=544
 compilation: enabled

Compilation events (10 events):
Event: 17.058 Thread 0x000000001e142800 4641   !   3       java.lang.StringCoding$StringEncoder::encode (179 bytes)
Event: 17.059 Thread 0x000000001e142800 nmethod 4641 0x00000000027f4e50 code [0x00000000027f51c0, 0x00000000027f6ea8]
Event: 17.059 Thread 0x000000001e142800 4642       3       java.lang.CharacterDataLatin1::isOtherUppercase (18 bytes)
Event: 17.060 Thread 0x000000001e142800 nmethod 4642 0x000000000283e1d0 code [0x000000000283e340, 0x000000000283e590]
Event: 17.062 Thread 0x000000001e142800 4643       1       net.minecraft.client.resources.SimpleResource::getInputStream (5 bytes)
Event: 17.063 Thread 0x000000001e142800 nmethod 4643 0x00000000027b3a50 code [0x00000000027b3ba0, 0x00000000027b3cb0]
Event: 17.065 Thread 0x000000001e142800 4644       3       java.util.Formatter$FormatSpecifier::checkBadFlags (39 bytes)
Event: 17.065 Thread 0x000000001e142800 nmethod 4644 0x0000000002d83310 code [0x0000000002d834c0, 0x0000000002d83958]
Event: 17.069 Thread 0x000000001e142800 4645       1       net.minecraft.client.resources.DefaultResourcePack::getPackName (3 bytes)
Event: 17.069 Thread 0x000000001e142800 nmethod 4645 0x0000000002df6ad0 code [0x0000000002df6c20, 0x0000000002df6d30]

GC Heap History (10 events):
Event: 10.131 GC heap before
{Heap before GC invocations=14 (full 2):
 PSYoungGen      total 282624K, used 270849K [0x000000076b300000, 0x0000000782b00000, 0x00000007c0000000)
  eden space 239616K, 100% used [0x000000076b300000,0x0000000779d00000,0x0000000779d00000)
  from space 43008K, 72% used [0x0000000779d00000,0x000000077bb80510,0x000000077c700000)
  to   space 45568K, 0% used [0x000000077fe80000,0x000000077fe80000,0x0000000782b00000)
 ParOldGen       total 97280K, used 51160K [0x00000006c1800000, 0x00000006c7700000, 0x000000076b300000)
  object space 97280K, 52% used [0x00000006c1800000,0x00000006c49f6290,0x00000006c7700000)
 Metaspace       used 36516K, capacity 36770K, committed 36992K, reserved 1081344K
  class space    used 5401K, capacity 5486K, committed 5504K, reserved 1048576K
Event: 10.161 GC heap after
Heap after GC invocations=14 (full 2):
 PSYoungGen      total 338432K, used 29021K [0x000000076b300000, 0x0000000785480000, 0x00000007c0000000)
  eden space 292864K, 0% used [0x000000076b300000,0x000000076b300000,0x000000077d100000)
  from space 45568K, 63% used [0x000000077fe80000,0x0000000781ad7760,0x0000000782b00000)
  to   space 46592K, 0% used [0x000000077d100000,0x000000077d100000,0x000000077fe80000)
 ParOldGen       total 97280K, used 67724K [0x00000006c1800000, 0x00000006c7700000, 0x000000076b300000)
  object space 97280K, 69% used [0x00000006c1800000,0x00000006c5a23160,0x00000006c7700000)
 Metaspace       used 36516K, capacity 36770K, committed 36992K, reserved 1081344K
  class space    used 5401K, capacity 5486K, committed 5504K, reserved 1048576K
}
Event: 11.828 GC heap before
{Heap before GC invocations=15 (full 2):
 PSYoungGen      total 338432K, used 321885K [0x000000076b300000, 0x0000000785480000, 0x00000007c0000000)
  eden space 292864K, 100% used [0x000000076b300000,0x000000077d100000,0x000000077d100000)
  from space 45568K, 63% used [0x000000077fe80000,0x0000000781ad7760,0x0000000782b00000)
  to   space 46592K, 0% used [0x000000077d100000,0x000000077d100000,0x000000077fe80000)
 ParOldGen       total 97280K, used 67724K [0x00000006c1800000, 0x00000006c7700000, 0x000000076b300000)
  object space 97280K, 69% used [0x00000006c1800000,0x00000006c5a23160,0x00000006c7700000)
 Metaspace       used 41381K, capacity 41673K, committed 41984K, reserved 1085440K
  class space    used 6055K, capacity 6128K, committed 6144K, reserved 1048576K
Event: 11.863 GC heap after
Heap after GC invocations=15 (full 2):
 PSYoungGen      total 339456K, used 13519K [0x000000076b300000, 0x0000000789b00000, 0x00000007c0000000)
  eden space 292864K, 0% used [0x000000076b300000,0x000000076b300000,0x000000077d100000)
  from space 46592K, 29% used [0x000000077d100000,0x000000077de33fe0,0x000000077fe80000)
  to   space 45056K, 0% used [0x0000000786f00000,0x0000000786f00000,0x0000000789b00000)
 ParOldGen       total 97280K, used 94963K [0x00000006c1800000, 0x00000006c7700000, 0x000000076b300000)
  object space 97280K, 97% used [0x00000006c1800000,0x00000006c74bcf90,0x00000006c7700000)
 Metaspace       used 41381K, capacity 41673K, committed 41984K, reserved 1085440K
  class space    used 6055K, capacity 6128K, committed 6144K, reserved 1048576K
}
Event: 11.863 GC heap before
{Heap before GC invocations=16 (full 3):
 PSYoungGen      total 339456K, used 13519K [0x000000076b300000, 0x0000000789b00000, 0x00000007c0000000)
  eden space 292864K, 0% used [0x000000076b300000,0x000000076b300000,0x000000077d100000)
  from space 46592K, 29% used [0x000000077d100000,0x000000077de33fe0,0x000000077fe80000)
  to   space 45056K, 0% used [0x0000000786f00000,0x0000000786f00000,0x0000000789b00000)
 ParOldGen       total 97280K, used 94963K [0x00000006c1800000, 0x00000006c7700000, 0x000000076b300000)
  object space 97280K, 97% used [0x00000006c1800000,0x00000006c74bcf90,0x00000006c7700000)
 Metaspace       used 41381K, capacity 41673K, committed 41984K, reserved 1085440K
  class space    used 6055K, capacity 6128K, committed 6144K, reserved 1048576K
Event: 12.119 GC heap after
Heap after GC invocations=16 (full 3):
 PSYoungGen      total 339456K, used 0K [0x000000076b300000, 0x0000000789b00000, 0x00000007c0000000)
  eden space 292864K, 0% used [0x000000076b300000,0x000000076b300000,0x000000077d100000)
  from space 46592K, 0% used [0x000000077d100000,0x000000077d100000,0x000000077fe80000)
  to   space 45056K, 0% used [0x0000000786f00000,0x0000000786f00000,0x0000000789b00000)
 ParOldGen       total 245248K, used 83030K [0x00000006c1800000, 0x00000006d0780000, 0x000000076b300000)
  object space 245248K, 33% used [0x00000006c1800000,0x00000006c6915bf8,0x00000006d0780000)
 Metaspace       used 41381K, capacity 41673K, committed 41984K, reserved 1085440K
  class space    used 6055K, capacity 6128K, committed 6144K, reserved 1048576K
}
Event: 13.909 GC heap before
{Heap before GC invocations=17 (full 3):
 PSYoungGen      total 339456K, used 292864K [0x000000076b300000, 0x0000000789b00000, 0x00000007c0000000)
  eden space 292864K, 100% used [0x000000076b300000,0x000000077d100000,0x000000077d100000)
  from space 46592K, 0% used [0x000000077d100000,0x000000077d100000,0x000000077fe80000)
  to   space 45056K, 0% used [0x0000000786f00000,0x0000000786f00000,0x0000000789b00000)
 ParOldGen       total 245248K, used 83030K [0x00000006c1800000, 0x00000006d0780000, 0x000000076b300000)
  object space 245248K, 33% used [0x00000006c1800000,0x00000006c6915bf8,0x00000006d0780000)
 Metaspace       used 43454K, capacity 43817K, committed 44160K, reserved 1087488K
  class space    used 6306K, capacity 6416K, committed 6528K, reserved 1048576K
Event: 13.920 GC heap after
Heap after GC invocations=17 (full 3):
 PSYoungGen      total 391168K, used 18753K [0x000000076b300000, 0x0000000788180000, 0x00000007c0000000)
  eden space 372224K, 0% used [0x000000076b300000,0x000000076b300000,0x0000000781e80000)
  from space 18944K, 98% used [0x0000000786f00000,0x00000007881505f0,0x0000000788180000)
  to   space 42496K, 0% used [0x0000000782e80000,0x0000000782e80000,0x0000000785800000)
 ParOldGen       total 245248K, used 83038K [0x00000006c1800000, 0x00000006d0780000, 0x000000076b300000)
  object space 245248K, 33% used [0x00000006c1800000,0x00000006c6917bf8,0x00000006d0780000)
 Metaspace       used 43454K, capacity 43817K, committed 44160K, reserved 1087488K
  class space    used 6306K, capacity 6416K, committed 6528K, reserved 1048576K
}
Event: 16.111 GC heap before
{Heap before GC invocations=18 (full 3):
 PSYoungGen      total 391168K, used 390977K [0x000000076b300000, 0x0000000788180000, 0x00000007c0000000)
  eden space 372224K, 100% used [0x000000076b300000,0x0000000781e80000,0x0000000781e80000)
  from space 18944K, 98% used [0x0000000786f00000,0x00000007881505f0,0x0000000788180000)
  to   space 42496K, 0% used [0x0000000782e80000,0x0000000782e80000,0x0000000785800000)
 ParOldGen       total 245248K, used 83038K [0x00000006c1800000, 0x00000006d0780000, 0x000000076b300000)
  object space 245248K, 33% used [0x00000006c1800000,0x00000006c6917bf8,0x00000006d0780000)
 Metaspace       used 45046K, capacity 45359K, committed 45824K, reserved 1089536K
  class space    used 6508K, capacity 6609K, committed 6656K, reserved 1048576K
Event: 16.143 GC heap after
Heap after GC invocations=18 (full 3):
 PSYoungGen      total 431104K, used 42488K [0x000000076b300000, 0x000000078df80000, 0x00000007c0000000)
  eden space 388608K, 0% used [0x000000076b300000,0x000000076b300000,0x0000000782e80000)
  from space 42496K, 99% used [0x0000000782e80000,0x00000007857fe2d0,0x0000000785800000)
  to   space 49152K, 0% used [0x000000078af80000,0x000000078af80000,0x000000078df80000)
 ParOldGen       total 245248K, used 83693K [0x00000006c1800000, 0x00000006d0780000, 0x000000076b300000)
  object space 245248K, 34% used [0x00000006c1800000,0x00000006c69bb558,0x00000006d0780000)
 Metaspace       used 45046K, capacity 45359K, committed 45824K, reserved 1089536K
  class space    used 6508K, capacity 6609K, committed 6656K, reserved 1048576K
}

Deoptimization events (10 events):
Event: 16.528 Thread 0x00000000024f5800 Uncommon trap: reason=unstable_if action=reinterpret pc=0x0000000002e29ac8 method=org.objectweb.asm.MethodWriter.visitInsn(I)V @ 24
Event: 16.528 Thread 0x00000000024f5800 Uncommon trap: reason=unstable_if action=reinterpret pc=0x0000000002ee7530 method=org.objectweb.asm.MethodWriter.visitMaxs(II)V @ 627
Event: 16.528 Thread 0x00000000024f5800 Uncommon trap: reason=unstable_if action=reinterpret pc=0x0000000002c144e0 method=org.objectweb.asm.MethodWriter.visitTypeInsn(ILjava/lang/String;)V @ 24
Event: 16.528 Thread 0x00000000024f5800 Uncommon trap: reason=unstable_if action=reinterpret pc=0x0000000003291ea8 method=java.lang.ClassLoader.preDefineClass(Ljava/lang/String;Ljava/security/ProtectionDomain;)Ljava/security/ProtectionDomain; @ 86
Event: 16.528 Thread 0x00000000024f5800 Uncommon trap: reason=class_check action=maybe_recompile pc=0x0000000002e59d58 method=java.lang.ClassLoader.loadClass(Ljava/lang/String;Z)Ljava/lang/Class; @ 38
Event: 16.528 Thread 0x00000000024f5800 Uncommon trap: reason=class_check action=maybe_recompile pc=0x0000000002e59d58 method=java.lang.ClassLoader.loadClass(Ljava/lang/String;Z)Ljava/lang/Class; @ 38
Event: 16.528 Thread 0x00000000024f5800 Uncommon trap: reason=unstable_if action=reinterpret pc=0x0000000003287850 method=java.lang.ClassLoader.preDefineClass(Ljava/lang/String;Ljava/security/ProtectionDomain;)Ljava/security/ProtectionDomain; @ 86
Event: 16.528 Thread 0x00000000024f5800 Uncommon trap: reason=unstable_if action=reinterpret pc=0x0000000002a00954 method=com.google.common.collect.ImmutableCollection$Builder.expandedCapacity(II)I @ 24
Event: 16.726 Thread 0x00000000258a6800 Uncommon trap: reason=unstable_if action=reinterpret pc=0x0000000002b91214 method=sun.net.www.MessageHeader.grow()V @ 4
Event: 16.804 Thread 0x00000000385de800 Uncommon trap: reason=null_check action=make_not_entrant pc=0x00000000030890a8 method=net.minecraft.launchwrapper.LaunchClassLoader.getOrCreateBuffer()[B @ 7

Internal exceptions (10 events):
Event: 17.069 Thread 0x00000000024f5800 NullPointerException at vtable entry 0x0000000002708e10
Event: 17.069 Thread 0x00000000024f5800 Exception <a 'java/lang/NullPointerException'> (0x0000000775566d98) thrown at [C:\re\workspace\8-2-build-windows-amd64-cygwin\jdk8u66\5298\hotspot\src\share\vm\runtime\sharedRuntime.cpp, line 605]
Event: 17.069 Thread 0x00000000024f5800 NullPointerException at vtable entry 0x0000000002708e10
Event: 17.069 Thread 0x00000000024f5800 Exception <a 'java/lang/NullPointerException'> (0x000000077556f980) thrown at [C:\re\workspace\8-2-build-windows-amd64-cygwin\jdk8u66\5298\hotspot\src\share\vm\runtime\sharedRuntime.cpp, line 605]
Event: 17.070 Thread 0x00000000024f5800 NullPointerException at vtable entry 0x0000000002708e10
Event: 17.070 Thread 0x00000000024f5800 Exception <a 'java/lang/NullPointerException'> (0x0000000775a8b908) thrown at [C:\re\workspace\8-2-build-windows-amd64-cygwin\jdk8u66\5298\hotspot\src\share\vm\runtime\sharedRuntime.cpp, line 605]
Event: 17.071 Thread 0x00000000024f5800 NullPointerException at vtable entry 0x0000000002708e10
Event: 17.071 Thread 0x00000000024f5800 Exception <a 'java/lang/NullPointerException'> (0x0000000775a94d10) thrown at [C:\re\workspace\8-2-build-windows-amd64-cygwin\jdk8u66\5298\hotspot\src\share\vm\runtime\sharedRuntime.cpp, line 605]
Event: 17.071 Thread 0x00000000024f5800 NullPointerException at vtable entry 0x0000000002708e10
Event: 17.071 Thread 0x00000000024f5800 Exception <a 'java/lang/NullPointerException'> (0x0000000775a9d8f8) thrown at [C:\re\workspace\8-2-build-windows-amd64-cygwin\jdk8u66\5298\hotspot\src\share\vm\runtime\sharedRuntime.cpp, line 605]

Events (10 events):
Event: 17.069 Thread 0x000000001e142800 flushing nmethod 0x0000000003036c90
Event: 17.069 Thread 0x000000001e142800 flushing nmethod 0x000000000303a090
Event: 17.069 Thread 0x000000001e142800 flushing nmethod 0x000000000303ad50
Event: 17.069 Thread 0x000000001e142800 flushing nmethod 0x000000000303b190
Event: 17.069 Thread 0x000000001e142800 flushing nmethod 0x000000000303ef10
Event: 17.069 Thread 0x000000001e142800 flushing nmethod 0x0000000003041750
Event: 17.069 loading class org/lwjgl/openal/Util
Event: 17.069 loading class org/lwjgl/openal/Util done
Event: 17.070 loading class org/lwjgl/openal/OpenALException
Event: 17.070 loading class org/lwjgl/openal/OpenALException done


Dynamic libraries:
0x00007ff6ff110000 - 0x00007ff6ff147000 	D:\Program Files\Java\jdk1.8.0_66\bin\java.exe
0x00007ffda7c10000 - 0x00007ffda7dd1000 	C:\WINDOWS\SYSTEM32\ntdll.dll
0x00007ffda7870000 - 0x00007ffda791d000 	C:\WINDOWS\system32\KERNEL32.DLL
0x00007ffda45d0000 - 0x00007ffda47b8000 	C:\WINDOWS\system32\KERNELBASE.dll
0x00007ffda74f0000 - 0x00007ffda7597000 	C:\WINDOWS\system32\ADVAPI32.dll
0x00007ffda79e0000 - 0x00007ffda7a7d000 	C:\WINDOWS\system32\msvcrt.dll
0x00007ffda7620000 - 0x00007ffda767b000 	C:\WINDOWS\system32\sechost.dll
0x00007ffda7750000 - 0x00007ffda786c000 	C:\WINDOWS\system32\RPCRT4.dll
0x00007ffda5290000 - 0x00007ffda53e6000 	C:\WINDOWS\system32\USER32.dll
0x00007ffda6e40000 - 0x00007ffda6fc6000 	C:\WINDOWS\system32\GDI32.dll
0x00007ffd93bb0000 - 0x00007ffd93e24000 	C:\WINDOWS\WinSxS\amd64_microsoft.windows.common-controls_6595b64144ccf1df_6.0.10586.0_none_8c15ae12515e1c22\COMCTL32.dll
0x00007ffda5010000 - 0x00007ffda528d000 	C:\WINDOWS\system32\combase.dll
0x00007ffda4950000 - 0x00007ffda49ba000 	C:\WINDOWS\system32\bcryptPrimitives.dll
0x00007ffda6950000 - 0x00007ffda698b000 	C:\WINDOWS\system32\IMM32.DLL
0x000000005d000000 - 0x000000005d0d2000 	D:\Program Files\Java\jdk1.8.0_66\jre\bin\msvcr100.dll
0x000000005c770000 - 0x000000005cff9000 	D:\Program Files\Java\jdk1.8.0_66\jre\bin\server\jvm.dll
0x00007ffda7610000 - 0x00007ffda7618000 	C:\WINDOWS\system32\PSAPI.DLL
0x00007ffda1e30000 - 0x00007ffda1e39000 	C:\WINDOWS\SYSTEM32\WSOCK32.dll
0x00007ffda2560000 - 0x00007ffda2583000 	C:\WINDOWS\SYSTEM32\WINMM.dll
0x00007ffda0a60000 - 0x00007ffda0a6a000 	C:\WINDOWS\SYSTEM32\VERSION.dll
0x00007ffda75a0000 - 0x00007ffda760b000 	C:\WINDOWS\system32\WS2_32.dll
0x0000000000720000 - 0x000000000074c000 	C:\WINDOWS\SYSTEM32\WINMMBASE.dll
0x00007ffda47e0000 - 0x00007ffda4823000 	C:\WINDOWS\system32\cfgmgr32.dll
0x000000005c760000 - 0x000000005c76f000 	D:\Program Files\Java\jdk1.8.0_66\jre\bin\verify.dll
0x000000005c730000 - 0x000000005c759000 	D:\Program Files\Java\jdk1.8.0_66\jre\bin\java.dll
0x000000005c710000 - 0x000000005c726000 	D:\Program Files\Java\jdk1.8.0_66\jre\bin\zip.dll
0x00007ffda53f0000 - 0x00007ffda694f000 	C:\WINDOWS\system32\SHELL32.dll
0x00007ffda49c0000 - 0x00007ffda5004000 	C:\WINDOWS\system32\windows.storage.dll
0x00007ffda7490000 - 0x00007ffda74e2000 	C:\WINDOWS\system32\shlwapi.dll
0x00007ffda42b0000 - 0x00007ffda42bf000 	C:\WINDOWS\system32\kernel.appcore.dll
0x00007ffda4830000 - 0x00007ffda48e5000 	C:\WINDOWS\system32\shcore.dll
0x00007ffda4250000 - 0x00007ffda429b000 	C:\WINDOWS\system32\powrprof.dll
0x00007ffda4230000 - 0x00007ffda4244000 	C:\WINDOWS\system32\profapi.dll
0x00007ffd9f7e0000 - 0x00007ffd9f7f0000 	C:\Program Files (x86)\JetBrains\IntelliJ IDEA 15.0.2\bin\breakgen64.dll
0x000000005c6f0000 - 0x000000005c70a000 	D:\Program Files\Java\jdk1.8.0_66\jre\bin\net.dll
0x00007ffda3b60000 - 0x00007ffda3bbc000 	C:\WINDOWS\system32\mswsock.dll
0x000000005c6e0000 - 0x000000005c6ed000 	D:\Program Files\Java\jdk1.8.0_66\jre\bin\management.dll
0x000000005c6c0000 - 0x000000005c6d1000 	D:\Program Files\Java\jdk1.8.0_66\jre\bin\nio.dll
0x00007ffda3c10000 - 0x00007ffda3c27000 	C:\WINDOWS\SYSTEM32\CRYPTSP.dll
0x00007ffda38a0000 - 0x00007ffda38d4000 	C:\WINDOWS\system32\rsaenh.dll
0x00007ffda3e30000 - 0x00007ffda3e59000 	C:\WINDOWS\SYSTEM32\bcrypt.dll
0x00007ffda39f0000 - 0x00007ffda3a0f000 	C:\WINDOWS\SYSTEM32\USERENV.dll
0x00007ffda3d30000 - 0x00007ffda3d3b000 	C:\WINDOWS\SYSTEM32\CRYPTBASE.dll
0x00007ffd9eb90000 - 0x00007ffd9ebc8000 	C:\WINDOWS\SYSTEM32\IPHLPAPI.DLL
0x00007ffda7920000 - 0x00007ffda7928000 	C:\WINDOWS\system32\NSI.dll
0x00007ffd9cc90000 - 0x00007ffd9cca6000 	C:\WINDOWS\SYSTEM32\dhcpcsvc6.DLL
0x00007ffd9cc70000 - 0x00007ffd9cc8a000 	C:\WINDOWS\SYSTEM32\dhcpcsvc.DLL
0x00007ffd9d1a0000 - 0x00007ffd9d1aa000 	C:\Users\jtmnf\AppData\Local\Temp\jansi-64-8620137380715615617.dll
0x00007ffd8bbb0000 - 0x00007ffd8bbc6000 	C:\WINDOWS\system32\napinsp.dll
0x00007ffd8bb60000 - 0x00007ffd8bb7a000 	C:\WINDOWS\system32\pnrpnsp.dll
0x00007ffda2030000 - 0x00007ffda2048000 	C:\WINDOWS\system32\NLAapi.dll
0x00007ffda2ca0000 - 0x00007ffda2d4a000 	C:\WINDOWS\SYSTEM32\DNSAPI.dll
0x00007ffd8f990000 - 0x00007ffd8f99d000 	C:\WINDOWS\System32\winrnr.dll
0x00007ffd8ba00000 - 0x00007ffd8ba15000 	C:\WINDOWS\System32\wshbth.dll
0x00007ffd98e60000 - 0x00007ffd98e6a000 	C:\Windows\System32\rasadhlp.dll
0x00007ffd9ea00000 - 0x00007ffd9ea67000 	C:\WINDOWS\System32\fwpuclnt.dll
0x0000000180000000 - 0x0000000180053000 	C:\Users\jtmnf\.gradle\caches\minecraft\net\minecraft\natives\1.8.9\lwjgl64.dll
0x00007ffd89d40000 - 0x00007ffd89e69000 	C:\WINDOWS\SYSTEM32\OPENGL32.dll
0x00007ffd94e00000 - 0x00007ffd94e2e000 	C:\WINDOWS\SYSTEM32\GLU32.dll
0x00007ffd88530000 - 0x00007ffd8862a000 	C:\WINDOWS\SYSTEM32\DDRAW.dll
0x00007ffd94f40000 - 0x00007ffd94f48000 	C:\WINDOWS\SYSTEM32\DCIMAN32.dll
0x000000005c4c0000 - 0x000000005c658000 	D:\Program Files\Java\jdk1.8.0_66\jre\bin\awt.dll
0x00007ffda7680000 - 0x00007ffda7741000 	C:\WINDOWS\system32\OLEAUT32.dll
0x00007ffda27a0000 - 0x00007ffda2819000 	C:\WINDOWS\system32\apphelp.dll
0x00007ffda2b40000 - 0x00007ffda2bd6000 	C:\WINDOWS\system32\uxtheme.dll
0x00007ffda7030000 - 0x00007ffda718a000 	C:\WINDOWS\system32\MSCTF.dll
0x00007ffda1ba0000 - 0x00007ffda1bc2000 	C:\WINDOWS\system32\dwmapi.dll
0x00007ffd6bd80000 - 0x00007ffd6ca34000 	C:\WINDOWS\SYSTEM32\ig9icd64.dll
0x00007ffd82b30000 - 0x00007ffd8376f000 	C:\WINDOWS\SYSTEM32\igc64.dll
0x00007ffda1d00000 - 0x00007ffda1d13000 	C:\WINDOWS\SYSTEM32\WTSAPI32.dll
0x00007ffda03e0000 - 0x00007ffda0471000 	C:\WINDOWS\SYSTEM32\mscms.dll
0x00007ffd8ff10000 - 0x00007ffd8ff52000 	C:\WINDOWS\SYSTEM32\icm32.dll
0x0000000022820000 - 0x0000000022858000 	C:\Users\jtmnf\AppData\Local\Temp\jna\jna3500995703165023580.dll
0x0000000070a40000 - 0x0000000070adc000 	C:\Users\jtmnf\.gradle\caches\minecraft\net\minecraft\natives\1.8.9\avutil-ttv-51.dll
0x0000000065980000 - 0x00000000659d6000 	C:\Users\jtmnf\.gradle\caches\minecraft\net\minecraft\natives\1.8.9\swresample-ttv-0.dll
0x000000006eb80000 - 0x000000006ec50000 	C:\Users\jtmnf\.gradle\caches\minecraft\net\minecraft\natives\1.8.9\libmp3lame-ttv.dll
0x00007ffd68630000 - 0x00007ffd699d4000 	C:\Users\jtmnf\.gradle\caches\minecraft\net\minecraft\natives\1.8.9\libmfxsw64.dll
0x00007ffd79f40000 - 0x00007ffd7a0ad000 	C:\Users\jtmnf\.gradle\caches\minecraft\net\minecraft\natives\1.8.9\twitchsdk.dll
0x00007ffda7190000 - 0x00007ffda72d3000 	C:\WINDOWS\system32\ole32.dll
0x00007ffd95d80000 - 0x00007ffd9600e000 	C:\WINDOWS\SYSTEM32\WININET.dll
0x0000000023e20000 - 0x0000000023e84000 	C:\Users\jtmnf\.gradle\caches\minecraft\net\minecraft\natives\1.8.9\OpenAL64.dll
0x00007ffda7930000 - 0x00007ffda79d7000 	C:\WINDOWS\system32\clbcatq.dll
0x00007ffd9fdf0000 - 0x00007ffd9fe60000 	C:\WINDOWS\System32\MMDevApi.dll
0x00007ffda17e0000 - 0x00007ffda1966000 	C:\WINDOWS\System32\PROPSYS.dll
0x00007ffda2c50000 - 0x00007ffda2c77000 	C:\WINDOWS\System32\DEVOBJ.dll
0x00007ffd7cd60000 - 0x00007ffd7cdfc000 	C:\WINDOWS\SYSTEM32\dsound.dll
0x00007ffd94910000 - 0x00007ffd94998000 	C:\WINDOWS\SYSTEM32\AUDIOSES.DLL
0x00007ffd9f9e0000 - 0x00007ffd9fb16000 	C:\WINDOWS\SYSTEM32\wintypes.dll
0x00007ffda11a0000 - 0x00007ffda132c000 	C:\WINDOWS\SYSTEM32\dbghelp.dll

VM Arguments:
jvm_args: -Didea.launcher.port=7534 -Didea.launcher.bin.path=C:\Program Files (x86)\JetBrains\IntelliJ IDEA 15.0.2\bin -Dfile.encoding=UTF-8 
java_command: com.intellij.rt.execution.application.AppMain GradleStart
java_class_path (initial): D:\Program Files\Java\jdk1.8.0_66\jre\lib\charsets.jar;D:\Program Files\Java\jdk1.8.0_66\jre\lib\deploy.jar;D:\Program Files\Java\jdk1.8.0_66\jre\lib\ext\access-bridge-64.jar;D:\Program Files\Java\jdk1.8.0_66\jre\lib\ext\cldrdata.jar;D:\Program Files\Java\jdk1.8.0_66\jre\lib\ext\dnsns.jar;D:\Program Files\Java\jdk1.8.0_66\jre\lib\ext\jaccess.jar;D:\Program Files\Java\jdk1.8.0_66\jre\lib\ext\jfxrt.jar;D:\Program Files\Java\jdk1.8.0_66\jre\lib\ext\localedata.jar;D:\Program Files\Java\jdk1.8.0_66\jre\lib\ext\nashorn.jar;D:\Program Files\Java\jdk1.8.0_66\jre\lib\ext\sunec.jar;D:\Program Files\Java\jdk1.8.0_66\jre\lib\ext\sunjce_provider.jar;D:\Program Files\Java\jdk1.8.0_66\jre\lib\ext\sunmscapi.jar;D:\Program Files\Java\jdk1.8.0_66\jre\lib\ext\sunpkcs11.jar;D:\Program Files\Java\jdk1.8.0_66\jre\lib\ext\zipfs.jar;D:\Program Files\Java\jdk1.8.0_66\jre\lib\javaws.jar;D:\Program Files\Java\jdk1.8.0_66\jre\lib\jce.jar;D:\Program Files\Java\jdk1.8.0_66\jre\lib\jfr.jar;D:\Program Files\Java\jdk1.8.0_66\jre\lib\jfxswt.jar;D:\Program Files\Java\jdk1.8.0_66\jre\lib\jsse.jar;D:\Program Files\Java\jdk1.8.0_66\jre\lib\management-agent.jar;D:\Program Files\Java\jdk1.8.0_66\jre\lib\plugin.jar;D:\Program Files\Java\jdk1.8.0_66\jre\lib\resources.jar;D:\Program Files\Java\jdk1.8.0_66\jre\lib\rt.jar;C:\Users\jtmnf\IdeaProjects\AdvancedIndustry\build\classes\production\AdvancedIndustry;C:\Users\jtmnf\.gradle\caches\minecraft\deobfedDeps\compileDummy.jar;C:\Users\jtmnf\.gradle\caches\minecraft\deobfedDeps\providedDummy.jar;C:\Users\jtmnf\.gradle\caches\minecraft\net\minecraftforge\forge\1.8.9-11.15.1.1731\start;C:\Users\jtmnf\.gradle\caches\modules-2\files-2.1\oshi-project\oshi-core\1.1\9ddf7b048a8d701be231c0f4f95fd986198fd2d8\oshi-core-1.1.jar;C:\Users\jtmnf\.gradle\caches\modules-2\files-2.1\net.java.dev.jna\jna\3.4.0\803ff252fedbd395baffd43b37341dc4a150a554\jna-3.4.0.jar;C:\Users\jtmnf\.gradle\caches\modules-2\files-2.1\net.java.dev.jna\platform\3.4.0\e3f700
Launcher Type: SUN_STANDARD

Environment Variables:
JAVA_HOME=C:\Program Files\Java\jdk1.8.0_72
PATH=C:\ProgramData\Oracle\Java\javapath;C:\Program Files (x86)\Intel\iCLS Client\;C:\Program Files\Intel\iCLS Client\;C:\Windows\system32;C:\Windows;C:\Windows\System32\Wbem;C:\Windows\System32\WindowsPowerShell\v1.0\;C:\Program Files (x86)\Intel\Intel(R) Management Engine Components\DAL;C:\Program Files\Intel\Intel(R) Management Engine Components\DAL;C:\Program Files (x86)\Intel\Intel(R) Management Engine Components\IPT;C:\Program Files\Intel\Intel(R) Management Engine Components\IPT;C:\Program Files (x86)\NVIDIA Corporation\PhysX\Common;C:\WINDOWS\system32;C:\WINDOWS;C:\WINDOWS\System32\Wbem;C:\WINDOWS\System32\WindowsPowerShell\v1.0\;C:\Program Files\Intel\WiFi\bin\;C:\Program Files\Common Files\Intel\WirelessCommon\;D:\Program Files\MATLAB\R2015a\runtime\win64;D:\Program Files\MATLAB\R2015a\bin;C:\Program Files\Intel\WiFi\bin\;C:\Program Files\Common Files\Intel\WirelessCommon\
USERNAME=jtmnf
OS=Windows_NT
PROCESSOR_IDENTIFIER=Intel64 Family 6 Model 94 Stepping 3, GenuineIntel



---------------  S Y S T E M  ---------------

OS: Windows 10.0 , 64 bit Build 10586 (10.0.10586.0)

CPU:total 8 (4 cores per cpu, 2 threads per core) family 6 model 94 stepping 3, cmov, cx8, fxsr, mmx, sse, sse2, sse3, ssse3, sse4.1, sse4.2, popcnt, avx, avx2, aes, clmul, erms, rtm, 3dnowpref, lzcnt, ht, tsc, tscinvbit, bmi1, bmi2, adx

Memory: 4k page, physical 16673312k(10329308k free), swap 19163680k(11169404k free)

vm_info: Java HotSpot(TM) 64-Bit Server VM (25.66-b18) for windows-amd64 JRE (1.8.0_66-b18), built on Nov  9 2015 10:51:13 by "java_re" with MS VC++ 10.0 (VS2010)

time: Tue Feb 09 17:06:37 2016
elapsed time: 17 seconds (0d 0h 0m 17s)

